==8835== Memcheck, a memory error detector
==8835== Copyright (C) 2002-2017, and GNU GPL'd, by Julian Seward et al.
==8835== Using Valgrind-3.15.0 and LibVEX; rerun with -h for copyright info
==8835== Command: ./executable
==8835== Parent PID: 2497
==8835== 
==8835== Thread 2:
==8835== Invalid write of size 4
==8835==    at 0x1093D4: merge (pBucketSort.c:57)
==8835==    by 0x109561: mergeSort (pBucketSort.c:96)
==8835==    by 0x10954C: mergeSort (pBucketSort.c:95)
==8835==    by 0x109535: mergeSort (pBucketSort.c:94)
==8835==    by 0x109535: mergeSort (pBucketSort.c:94)
==8835==    by 0x109535: mergeSort (pBucketSort.c:94)
==8835==    by 0x109535: mergeSort (pBucketSort.c:94)
==8835==    by 0x10995C: BucketSort (pBucketSort.c:130)
==8835==    by 0x4867608: start_thread (pthread_create.c:477)
==8835==    by 0x49A3292: clone (clone.S:95)
==8835==  Address 0x4a876c8 is 0 bytes after a block of size 8 alloc'd
==8835==    at 0x483B7F3: malloc (in /usr/lib/x86_64-linux-gnu/valgrind/vgpreload_memcheck-amd64-linux.so)
==8835==    by 0x10936F: merge (pBucketSort.c:53)
==8835==    by 0x109561: mergeSort (pBucketSort.c:96)
==8835==    by 0x10954C: mergeSort (pBucketSort.c:95)
==8835==    by 0x109535: mergeSort (pBucketSort.c:94)
==8835==    by 0x109535: mergeSort (pBucketSort.c:94)
==8835==    by 0x109535: mergeSort (pBucketSort.c:94)
==8835==    by 0x109535: mergeSort (pBucketSort.c:94)
==8835==    by 0x10995C: BucketSort (pBucketSort.c:130)
==8835==    by 0x4867608: start_thread (pthread_create.c:477)
==8835==    by 0x49A3292: clone (clone.S:95)
==8835== 
==8835== Invalid write of size 4
==8835==    at 0x10945A: merge (pBucketSort.c:69)
==8835==    by 0x109561: mergeSort (pBucketSort.c:96)
==8835==    by 0x10954C: mergeSort (pBucketSort.c:95)
==8835==    by 0x109535: mergeSort (pBucketSort.c:94)
==8835==    by 0x109535: mergeSort (pBucketSort.c:94)
==8835==    by 0x109535: mergeSort (pBucketSort.c:94)
==8835==    by 0x109535: mergeSort (pBucketSort.c:94)
==8835==    by 0x10995C: BucketSort (pBucketSort.c:130)
==8835==    by 0x4867608: start_thread (pthread_create.c:477)
==8835==    by 0x49A3292: clone (clone.S:95)
==8835==  Address 0x4a876cc is 4 bytes after a block of size 8 alloc'd
==8835==    at 0x483B7F3: malloc (in /usr/lib/x86_64-linux-gnu/valgrind/vgpreload_memcheck-amd64-linux.so)
==8835==    by 0x10936F: merge (pBucketSort.c:53)
==8835==    by 0x109561: mergeSort (pBucketSort.c:96)
==8835==    by 0x10954C: mergeSort (pBucketSort.c:95)
==8835==    by 0x109535: mergeSort (pBucketSort.c:94)
==8835==    by 0x109535: mergeSort (pBucketSort.c:94)
==8835==    by 0x109535: mergeSort (pBucketSort.c:94)
==8835==    by 0x109535: mergeSort (pBucketSort.c:94)
==8835==    by 0x10995C: BucketSort (pBucketSort.c:130)
==8835==    by 0x4867608: start_thread (pthread_create.c:477)
==8835==    by 0x49A3292: clone (clone.S:95)
==8835== 
==8835== Invalid read of size 4
==8835==    at 0x1094DC: merge (pBucketSort.c:84)
==8835==    by 0x109561: mergeSort (pBucketSort.c:96)
==8835==    by 0x10954C: mergeSort (pBucketSort.c:95)
==8835==    by 0x109535: mergeSort (pBucketSort.c:94)
==8835==    by 0x109535: mergeSort (pBucketSort.c:94)
==8835==    by 0x109535: mergeSort (pBucketSort.c:94)
==8835==    by 0x109535: mergeSort (pBucketSort.c:94)
==8835==    by 0x10995C: BucketSort (pBucketSort.c:130)
==8835==    by 0x4867608: start_thread (pthread_create.c:477)
==8835==    by 0x49A3292: clone (clone.S:95)
==8835==  Address 0x4a876c8 is 0 bytes after a block of size 8 alloc'd
==8835==    at 0x483B7F3: malloc (in /usr/lib/x86_64-linux-gnu/valgrind/vgpreload_memcheck-amd64-linux.so)
==8835==    by 0x10936F: merge (pBucketSort.c:53)
==8835==    by 0x109561: mergeSort (pBucketSort.c:96)
==8835==    by 0x10954C: mergeSort (pBucketSort.c:95)
==8835==    by 0x109535: mergeSort (pBucketSort.c:94)
==8835==    by 0x109535: mergeSort (pBucketSort.c:94)
==8835==    by 0x109535: mergeSort (pBucketSort.c:94)
==8835==    by 0x109535: mergeSort (pBucketSort.c:94)
==8835==    by 0x10995C: BucketSort (pBucketSort.c:130)
==8835==    by 0x4867608: start_thread (pthread_create.c:477)
==8835==    by 0x49A3292: clone (clone.S:95)
==8835== 
==8835== Invalid write of size 4
==8835==    at 0x109407: merge (pBucketSort.c:60)
==8835==    by 0x109561: mergeSort (pBucketSort.c:96)
==8835==    by 0x109535: mergeSort (pBucketSort.c:94)
==8835==    by 0x10954C: mergeSort (pBucketSort.c:95)
==8835==    by 0x109535: mergeSort (pBucketSort.c:94)
==8835==    by 0x109535: mergeSort (pBucketSort.c:94)
==8835==    by 0x109535: mergeSort (pBucketSort.c:94)
==8835==    by 0x10995C: BucketSort (pBucketSort.c:130)
==8835==    by 0x4867608: start_thread (pthread_create.c:477)
==8835==    by 0x49A3292: clone (clone.S:95)
==8835==  Address 0x4a87770 is 8 bytes after a block of size 8 alloc'd
==8835==    at 0x483B7F3: malloc (in /usr/lib/x86_64-linux-gnu/valgrind/vgpreload_memcheck-amd64-linux.so)
==8835==    by 0x10936F: merge (pBucketSort.c:53)
==8835==    by 0x109561: mergeSort (pBucketSort.c:96)
==8835==    by 0x109535: mergeSort (pBucketSort.c:94)
==8835==    by 0x10954C: mergeSort (pBucketSort.c:95)
==8835==    by 0x109535: mergeSort (pBucketSort.c:94)
==8835==    by 0x109535: mergeSort (pBucketSort.c:94)
==8835==    by 0x109535: mergeSort (pBucketSort.c:94)
==8835==    by 0x10995C: BucketSort (pBucketSort.c:130)
==8835==    by 0x4867608: start_thread (pthread_create.c:477)
==8835==    by 0x49A3292: clone (clone.S:95)
==8835== 
==8835== Invalid write of size 4
==8835==    at 0x109499: merge (pBucketSort.c:75)
==8835==    by 0x109561: mergeSort (pBucketSort.c:96)
==8835==    by 0x109535: mergeSort (pBucketSort.c:94)
==8835==    by 0x10954C: mergeSort (pBucketSort.c:95)
==8835==    by 0x109535: mergeSort (pBucketSort.c:94)
==8835==    by 0x109535: mergeSort (pBucketSort.c:94)
==8835==    by 0x109535: mergeSort (pBucketSort.c:94)
==8835==    by 0x10995C: BucketSort (pBucketSort.c:130)
==8835==    by 0x4867608: start_thread (pthread_create.c:477)
==8835==    by 0x49A3292: clone (clone.S:95)
==8835==  Address 0x4a87774 is 12 bytes after a block of size 8 alloc'd
==8835==    at 0x483B7F3: malloc (in /usr/lib/x86_64-linux-gnu/valgrind/vgpreload_memcheck-amd64-linux.so)
==8835==    by 0x10936F: merge (pBucketSort.c:53)
==8835==    by 0x109561: mergeSort (pBucketSort.c:96)
==8835==    by 0x109535: mergeSort (pBucketSort.c:94)
==8835==    by 0x10954C: mergeSort (pBucketSort.c:95)
==8835==    by 0x109535: mergeSort (pBucketSort.c:94)
==8835==    by 0x109535: mergeSort (pBucketSort.c:94)
==8835==    by 0x109535: mergeSort (pBucketSort.c:94)
==8835==    by 0x10995C: BucketSort (pBucketSort.c:130)
==8835==    by 0x4867608: start_thread (pthread_create.c:477)
==8835==    by 0x49A3292: clone (clone.S:95)
==8835== 
==8835== Invalid read of size 4
==8835==    at 0x1094DC: merge (pBucketSort.c:84)
==8835==    by 0x109561: mergeSort (pBucketSort.c:96)
==8835==    by 0x109535: mergeSort (pBucketSort.c:94)
==8835==    by 0x10954C: mergeSort (pBucketSort.c:95)
==8835==    by 0x109535: mergeSort (pBucketSort.c:94)
==8835==    by 0x109535: mergeSort (pBucketSort.c:94)
==8835==    by 0x109535: mergeSort (pBucketSort.c:94)
==8835==    by 0x10995C: BucketSort (pBucketSort.c:130)
==8835==    by 0x4867608: start_thread (pthread_create.c:477)
==8835==    by 0x49A3292: clone (clone.S:95)
==8835==  Address 0x4a87770 is 8 bytes after a block of size 8 alloc'd
==8835==    at 0x483B7F3: malloc (in /usr/lib/x86_64-linux-gnu/valgrind/vgpreload_memcheck-amd64-linux.so)
==8835==    by 0x10936F: merge (pBucketSort.c:53)
==8835==    by 0x109561: mergeSort (pBucketSort.c:96)
==8835==    by 0x109535: mergeSort (pBucketSort.c:94)
==8835==    by 0x10954C: mergeSort (pBucketSort.c:95)
==8835==    by 0x109535: mergeSort (pBucketSort.c:94)
==8835==    by 0x109535: mergeSort (pBucketSort.c:94)
==8835==    by 0x109535: mergeSort (pBucketSort.c:94)
==8835==    by 0x10995C: BucketSort (pBucketSort.c:130)
==8835==    by 0x4867608: start_thread (pthread_create.c:477)
==8835==    by 0x49A3292: clone (clone.S:95)
==8835== 
==8835== Invalid write of size 4
==8835==    at 0x109407: merge (pBucketSort.c:60)
==8835==    by 0x109561: mergeSort (pBucketSort.c:96)
==8835==    by 0x10954C: mergeSort (pBucketSort.c:95)
==8835==    by 0x109535: mergeSort (pBucketSort.c:94)
==8835==    by 0x109535: mergeSort (pBucketSort.c:94)
==8835==    by 0x109535: mergeSort (pBucketSort.c:94)
==8835==    by 0x10995C: BucketSort (pBucketSort.c:130)
==8835==    by 0x4867608: start_thread (pthread_create.c:477)
==8835==    by 0x49A3292: clone (clone.S:95)
==8835==  Address 0x4a877c0 is 4 bytes after a block of size 12 alloc'd
==8835==    at 0x483B7F3: malloc (in /usr/lib/x86_64-linux-gnu/valgrind/vgpreload_memcheck-amd64-linux.so)
==8835==    by 0x10936F: merge (pBucketSort.c:53)
==8835==    by 0x109561: mergeSort (pBucketSort.c:96)
==8835==    by 0x10954C: mergeSort (pBucketSort.c:95)
==8835==    by 0x109535: mergeSort (pBucketSort.c:94)
==8835==    by 0x109535: mergeSort (pBucketSort.c:94)
==8835==    by 0x109535: mergeSort (pBucketSort.c:94)
==8835==    by 0x10995C: BucketSort (pBucketSort.c:130)
==8835==    by 0x4867608: start_thread (pthread_create.c:477)
==8835==    by 0x49A3292: clone (clone.S:95)
==8835== 
==8835== Invalid write of size 4
==8835==    at 0x109499: merge (pBucketSort.c:75)
==8835==    by 0x109561: mergeSort (pBucketSort.c:96)
==8835==    by 0x10954C: mergeSort (pBucketSort.c:95)
==8835==    by 0x109535: mergeSort (pBucketSort.c:94)
==8835==    by 0x109535: mergeSort (pBucketSort.c:94)
==8835==    by 0x109535: mergeSort (pBucketSort.c:94)
==8835==    by 0x10995C: BucketSort (pBucketSort.c:130)
==8835==    by 0x4867608: start_thread (pthread_create.c:477)
==8835==    by 0x49A3292: clone (clone.S:95)
==8835==  Address 0x4a877c4 is 8 bytes after a block of size 12 alloc'd
==8835==    at 0x483B7F3: malloc (in /usr/lib/x86_64-linux-gnu/valgrind/vgpreload_memcheck-amd64-linux.so)
==8835==    by 0x10936F: merge (pBucketSort.c:53)
==8835==    by 0x109561: mergeSort (pBucketSort.c:96)
==8835==    by 0x10954C: mergeSort (pBucketSort.c:95)
==8835==    by 0x109535: mergeSort (pBucketSort.c:94)
==8835==    by 0x109535: mergeSort (pBucketSort.c:94)
==8835==    by 0x109535: mergeSort (pBucketSort.c:94)
==8835==    by 0x10995C: BucketSort (pBucketSort.c:130)
==8835==    by 0x4867608: start_thread (pthread_create.c:477)
==8835==    by 0x49A3292: clone (clone.S:95)
==8835== 
==8835== Invalid write of size 4
==8835==    at 0x1093D4: merge (pBucketSort.c:57)
==8835==    by 0x109561: mergeSort (pBucketSort.c:96)
==8835==    by 0x109535: mergeSort (pBucketSort.c:94)
==8835==    by 0x109535: mergeSort (pBucketSort.c:94)
==8835==    by 0x10954C: mergeSort (pBucketSort.c:95)
==8835==    by 0x109535: mergeSort (pBucketSort.c:94)
==8835==    by 0x109535: mergeSort (pBucketSort.c:94)
==8835==    by 0x10995C: BucketSort (pBucketSort.c:130)
==8835==    by 0x4867608: start_thread (pthread_create.c:477)
==8835==    by 0x49A3292: clone (clone.S:95)
==8835==  Address 0x4a8787c is 20 bytes after a block of size 8 alloc'd
==8835==    at 0x483B7F3: malloc (in /usr/lib/x86_64-linux-gnu/valgrind/vgpreload_memcheck-amd64-linux.so)
==8835==    by 0x10936F: merge (pBucketSort.c:53)
==8835==    by 0x109561: mergeSort (pBucketSort.c:96)
==8835==    by 0x109535: mergeSort (pBucketSort.c:94)
==8835==    by 0x109535: mergeSort (pBucketSort.c:94)
==8835==    by 0x10954C: mergeSort (pBucketSort.c:95)
==8835==    by 0x109535: mergeSort (pBucketSort.c:94)
==8835==    by 0x109535: mergeSort (pBucketSort.c:94)
==8835==    by 0x10995C: BucketSort (pBucketSort.c:130)
==8835==    by 0x4867608: start_thread (pthread_create.c:477)
==8835==    by 0x49A3292: clone (clone.S:95)
==8835== 
==8835== Invalid write of size 4
==8835==    at 0x10945A: merge (pBucketSort.c:69)
==8835==    by 0x109561: mergeSort (pBucketSort.c:96)
==8835==    by 0x109535: mergeSort (pBucketSort.c:94)
==8835==    by 0x109535: mergeSort (pBucketSort.c:94)
==8835==    by 0x10954C: mergeSort (pBucketSort.c:95)
==8835==    by 0x109535: mergeSort (pBucketSort.c:94)
==8835==    by 0x109535: mergeSort (pBucketSort.c:94)
==8835==    by 0x10995C: BucketSort (pBucketSort.c:130)
==8835==    by 0x4867608: start_thread (pthread_create.c:477)
==8835==    by 0x49A3292: clone (clone.S:95)
==8835==  Address 0x4a87880 is 16 bytes after a block of size 16 in arena "client"
==8835== 
==8835== Invalid read of size 4
==8835==    at 0x1094DC: merge (pBucketSort.c:84)
==8835==    by 0x109561: mergeSort (pBucketSort.c:96)
==8835==    by 0x109535: mergeSort (pBucketSort.c:94)
==8835==    by 0x109535: mergeSort (pBucketSort.c:94)
==8835==    by 0x10954C: mergeSort (pBucketSort.c:95)
==8835==    by 0x109535: mergeSort (pBucketSort.c:94)
==8835==    by 0x109535: mergeSort (pBucketSort.c:94)
==8835==    by 0x10995C: BucketSort (pBucketSort.c:130)
==8835==    by 0x4867608: start_thread (pthread_create.c:477)
==8835==    by 0x49A3292: clone (clone.S:95)
==8835==  Address 0x4a8787c is 20 bytes after a block of size 8 alloc'd
==8835==    at 0x483B7F3: malloc (in /usr/lib/x86_64-linux-gnu/valgrind/vgpreload_memcheck-amd64-linux.so)
==8835==    by 0x10936F: merge (pBucketSort.c:53)
==8835==    by 0x109561: mergeSort (pBucketSort.c:96)
==8835==    by 0x109535: mergeSort (pBucketSort.c:94)
==8835==    by 0x109535: mergeSort (pBucketSort.c:94)
==8835==    by 0x10954C: mergeSort (pBucketSort.c:95)
==8835==    by 0x109535: mergeSort (pBucketSort.c:94)
==8835==    by 0x109535: mergeSort (pBucketSort.c:94)
==8835==    by 0x10995C: BucketSort (pBucketSort.c:130)
==8835==    by 0x4867608: start_thread (pthread_create.c:477)
==8835==    by 0x49A3292: clone (clone.S:95)
==8835== 
==8835== Invalid write of size 4
==8835==    at 0x1093D4: merge (pBucketSort.c:57)
==8835==    by 0x109561: mergeSort (pBucketSort.c:96)
==8835==    by 0x109535: mergeSort (pBucketSort.c:94)
==8835==    by 0x10954C: mergeSort (pBucketSort.c:95)
==8835==    by 0x109535: mergeSort (pBucketSort.c:94)
==8835==    by 0x109535: mergeSort (pBucketSort.c:94)
==8835==    by 0x10995C: BucketSort (pBucketSort.c:130)
==8835==    by 0x4867608: start_thread (pthread_create.c:477)
==8835==    by 0x49A3292: clone (clone.S:95)
==8835==  Address 0x4a8791c is 12 bytes after a block of size 16 alloc'd
==8835==    at 0x483B7F3: malloc (in /usr/lib/x86_64-linux-gnu/valgrind/vgpreload_memcheck-amd64-linux.so)
==8835==    by 0x10936F: merge (pBucketSort.c:53)
==8835==    by 0x109561: mergeSort (pBucketSort.c:96)
==8835==    by 0x109535: mergeSort (pBucketSort.c:94)
==8835==    by 0x10954C: mergeSort (pBucketSort.c:95)
==8835==    by 0x109535: mergeSort (pBucketSort.c:94)
==8835==    by 0x109535: mergeSort (pBucketSort.c:94)
==8835==    by 0x10995C: BucketSort (pBucketSort.c:130)
==8835==    by 0x4867608: start_thread (pthread_create.c:477)
==8835==    by 0x49A3292: clone (clone.S:95)
==8835== 

valgrind: m_mallocfree.c:305 (get_bszB_as_is): Assertion 'bszB_lo == bszB_hi' failed.
valgrind: Heap block lo/hi size mismatch: lo = 80, hi = 4294967236.
This is probably caused by your program erroneously writing past the
end of a heap block and corrupting heap metadata.  If you fix any
invalid writes reported by Memcheck, this assertion failure will
probably go away.  Please try that before reporting this as a bug.


host stacktrace:
==8835==    at 0x58046FFA: ??? (in /usr/lib/x86_64-linux-gnu/valgrind/memcheck-amd64-linux)
==8835==    by 0x58047127: ??? (in /usr/lib/x86_64-linux-gnu/valgrind/memcheck-amd64-linux)
==8835==    by 0x580472CB: ??? (in /usr/lib/x86_64-linux-gnu/valgrind/memcheck-amd64-linux)
==8835==    by 0x580514B4: ??? (in /usr/lib/x86_64-linux-gnu/valgrind/memcheck-amd64-linux)
==8835==    by 0x5803DE9A: ??? (in /usr/lib/x86_64-linux-gnu/valgrind/memcheck-amd64-linux)
==8835==    by 0x5803CD9F: ??? (in /usr/lib/x86_64-linux-gnu/valgrind/memcheck-amd64-linux)
==8835==    by 0x58041F04: ??? (in /usr/lib/x86_64-linux-gnu/valgrind/memcheck-amd64-linux)
==8835==    by 0x5803C1D8: ??? (in /usr/lib/x86_64-linux-gnu/valgrind/memcheck-amd64-linux)
==8835==    by 0x1002D85160: ???
==8835==    by 0x1005132F1F: ???
==8835==    by 0x1005132F07: ???
==8835==    by 0x1005132F1F: ???
==8835==    by 0x1005132F2F: ???
==8835==    by 0x1: ???
==8835==    by 0x1005938FFF: ???
==8835==    by 0x100200A3F7: ???

sched status:
  running_tid=2

Thread 1: status = VgTs_Yielding (lwpid 8835)
==8835==    at 0x49A3285: clone (clone.S:78)
client stack range: [0x1FFEFFE000 0x1FFF000FFF] client SP: 0x1FFEFFFC28
valgrind stack range: [0x1002BAA000 0x1002CA9FFF] top usage: 9480 of 1048576

Thread 2: status = VgTs_Runnable (lwpid 8836)
==8835==    at 0x10945A: merge (pBucketSort.c:69)
==8835==    by 0x109561: mergeSort (pBucketSort.c:96)
==8835==    by 0x109535: mergeSort (pBucketSort.c:94)
==8835==    by 0x10954C: mergeSort (pBucketSort.c:95)
==8835==    by 0x10954C: mergeSort (pBucketSort.c:95)
==8835==    by 0x109535: mergeSort (pBucketSort.c:94)
==8835==    by 0x109535: mergeSort (pBucketSort.c:94)
==8835==    by 0x10995C: BucketSort (pBucketSort.c:130)
==8835==    by 0x4867608: start_thread (pthread_create.c:477)
==8835==    by 0x49A3292: clone (clone.S:95)
client stack range: [0x4E77000 0x5675FFF] client SP: 0x5675CE0
valgrind stack range: [0x1005033000 0x1005132FFF] top usage: 4696 of 1048576

Thread 3: status = VgTs_Init (lwpid 0)
==8835==    at 0x49A3285: clone (clone.S:78)
client stack range: [0x5678000 0x5E76FFF] client SP: 0x5E76FB0
valgrind stack range: [0x1005837000 0x1005936FFF] top usage: 544 of 1048576


Note: see also the FAQ in the source distribution.
It contains workarounds to several common problems.
In particular, if Valgrind aborted or crashed after
identifying problems in your program, there's a good chance
that fixing those problems will prevent Valgrind aborting or
crashing, especially if it happened in m_mallocfree.c.

If that doesn't help, please report this bug to: www.valgrind.org

In the bug report, send all the above text, the valgrind
version, and what OS and version you are using.  Thanks.

